Determining if the pthread_create exist failed with the following output:
Change Dir: /home/jungwon/catkin_ws/src/mavswarm_client/cmake-build-debug/CMakeFiles/CMakeTmp

Run Build Command:"/usr/bin/make" "cmTC_1177e/fast"
/usr/bin/make -f CMakeFiles/cmTC_1177e.dir/build.make CMakeFiles/cmTC_1177e.dir/build
make[1]: 디렉터리 '/home/jungwon/catkin_ws/src/mavswarm_client/cmake-build-debug/CMakeFiles/CMakeTmp' 들어감
Building C object CMakeFiles/cmTC_1177e.dir/CheckSymbolExists.c.o
/usr/bin/cc    -o CMakeFiles/cmTC_1177e.dir/CheckSymbolExists.c.o   -c /home/jungwon/catkin_ws/src/mavswarm_client/cmake-build-debug/CMakeFiles/CMakeTmp/CheckSymbolExists.c
Linking C executable cmTC_1177e
/home/jungwon/clion-2018.2.4/bin/cmake/linux/bin/cmake -E cmake_link_script CMakeFiles/cmTC_1177e.dir/link.txt --verbose=1
/usr/bin/cc      -rdynamic CMakeFiles/cmTC_1177e.dir/CheckSymbolExists.c.o  -o cmTC_1177e 
CMakeFiles/cmTC_1177e.dir/CheckSymbolExists.c.o: In function `main':
CheckSymbolExists.c:(.text+0x16): undefined reference to `pthread_create'
collect2: error: ld returned 1 exit status
CMakeFiles/cmTC_1177e.dir/build.make:86: 'cmTC_1177e' 타겟에 대한 명령이 실패했습니다
make[1]: *** [cmTC_1177e] 오류 1
make[1]: 디렉터리 '/home/jungwon/catkin_ws/src/mavswarm_client/cmake-build-debug/CMakeFiles/CMakeTmp' 나감
Makefile:121: 'cmTC_1177e/fast' 타겟에 대한 명령이 실패했습니다
make: *** [cmTC_1177e/fast] 오류 2

File /home/jungwon/catkin_ws/src/mavswarm_client/cmake-build-debug/CMakeFiles/CMakeTmp/CheckSymbolExists.c:
/* */
#include <pthread.h>

int main(int argc, char** argv)
{
  (void)argv;
#ifndef pthread_create
  return ((int*)(&pthread_create))[argc];
#else
  (void)argc;
  return 0;
#endif
}

Determining if the function pthread_create exists in the pthreads failed with the following output:
Change Dir: /home/jungwon/catkin_ws/src/mavswarm_client/cmake-build-debug/CMakeFiles/CMakeTmp

Run Build Command:"/usr/bin/make" "cmTC_0f77d/fast"
/usr/bin/make -f CMakeFiles/cmTC_0f77d.dir/build.make CMakeFiles/cmTC_0f77d.dir/build
make[1]: 디렉터리 '/home/jungwon/catkin_ws/src/mavswarm_client/cmake-build-debug/CMakeFiles/CMakeTmp' 들어감
Building C object CMakeFiles/cmTC_0f77d.dir/CheckFunctionExists.c.o
/usr/bin/cc   -DCHECK_FUNCTION_EXISTS=pthread_create   -o CMakeFiles/cmTC_0f77d.dir/CheckFunctionExists.c.o   -c /home/jungwon/clion-2018.2.4/bin/cmake/linux/share/cmake-3.12/Modules/CheckFunctionExists.c
Linking C executable cmTC_0f77d
/home/jungwon/clion-2018.2.4/bin/cmake/linux/bin/cmake -E cmake_link_script CMakeFiles/cmTC_0f77d.dir/link.txt --verbose=1
/usr/bin/cc  -DCHECK_FUNCTION_EXISTS=pthread_create    -rdynamic CMakeFiles/cmTC_0f77d.dir/CheckFunctionExists.c.o  -o cmTC_0f77d -lpthreads 
/usr/bin/ld: cannot find -lpthreads
collect2: error: ld returned 1 exit status
CMakeFiles/cmTC_0f77d.dir/build.make:86: 'cmTC_0f77d' 타겟에 대한 명령이 실패했습니다
make[1]: *** [cmTC_0f77d] 오류 1
make[1]: 디렉터리 '/home/jungwon/catkin_ws/src/mavswarm_client/cmake-build-debug/CMakeFiles/CMakeTmp' 나감
Makefile:121: 'cmTC_0f77d/fast' 타겟에 대한 명령이 실패했습니다
make: *** [cmTC_0f77d/fast] 오류 2


